2025-02-09 18:55:46 - MOD: Modification Default

FILE: system/engine/action.php
REGEX: ~(require|include)(_once)?\(([^)]+)~
LINE: 69

FILE: system/engine/loader.php
REGEX: ~(require|include)(_once)?\(([^)]+)~
LINE: 77
LINE: 151
LINE: 168

FILE: system/library/config.php
REGEX: ~(require|include)(_once)?\(([^)]+)~
LINE: 59

FILE: system/library/language.php
REGEX: ~(require|include)(_once)?\(([^)]+)~
LINE: 67
LINE: 73

FILE: system/library/template/template.php
REGEX: ~(require|include)(_once)?\(([^)]+)~
LINE: 18

FILE: system/library/template/twig.php
CODE: if (is_file($file)) {
LINE: 13
----------------------------------------------------------------
MOD: 301 redirect for Opencart 3.0.x

FILE: admin/language/en-gb/common/column_left.php
CODE: <?php
LINE: 4

FILE: admin/controller/common/column_left.php
CODE: // Extension
LINE: 151

FILE: catalog/controller/startup/seo_url.php
CODE: public function index() {
LINE: 32

FILE: (sub modification) catalog/controller/startup/seo_url.php
CODE: foreach ($parts as $part) {
LINE: 52

FILE: admin/model/catalog/product.php
CODE: public function editProduct($product_id, $data) {
LINE: 156

FILE: admin/model/catalog/category.php
CODE: public function editCategory($category_id, $data) {
LINE: 77

FILE: admin/model/catalog/manufacturer.php
CODE: public function editManufacturer($manufacturer_id, $data) {
LINE: 48

FILE: admin/model/catalog/information.php
CODE: public function editInformation($information_id, $data) {
LINE: 54
----------------------------------------------------------------
2025-02-09 19:21:09 - MOD: Modification Default

FILE: system/engine/action.php
REGEX: ~(require|include)(_once)?\(([^)]+)~
LINE: 69

FILE: system/engine/loader.php
REGEX: ~(require|include)(_once)?\(([^)]+)~
LINE: 77
LINE: 151
LINE: 168

FILE: system/library/config.php
REGEX: ~(require|include)(_once)?\(([^)]+)~
LINE: 59

FILE: system/library/language.php
REGEX: ~(require|include)(_once)?\(([^)]+)~
LINE: 67
LINE: 73

FILE: system/library/template/template.php
REGEX: ~(require|include)(_once)?\(([^)]+)~
LINE: 18

FILE: system/library/template/twig.php
CODE: if (is_file($file)) {
LINE: 13
----------------------------------------------------------------
MOD: 301 redirect for Opencart 3.0.x

FILE: admin/language/en-gb/common/column_left.php
CODE: <?php
LINE: 4

FILE: admin/controller/common/column_left.php
CODE: // Extension
LINE: 151

FILE: catalog/controller/startup/seo_url.php
CODE: public function index() {
LINE: 32

FILE: (sub modification) catalog/controller/startup/seo_url.php
CODE: foreach ($parts as $part) {
LINE: 52

FILE: admin/model/catalog/product.php
CODE: public function editProduct($product_id, $data) {
LINE: 156

FILE: admin/model/catalog/category.php
CODE: public function editCategory($category_id, $data) {
LINE: 77

FILE: admin/model/catalog/manufacturer.php
CODE: public function editManufacturer($manufacturer_id, $data) {
LINE: 48

FILE: admin/model/catalog/information.php
CODE: public function editInformation($information_id, $data) {
LINE: 54
----------------------------------------------------------------
2025-02-09 19:32:43 - MOD: Modification Default

FILE: system/engine/action.php
REGEX: ~(require|include)(_once)?\(([^)]+)~
LINE: 69

FILE: system/engine/loader.php
REGEX: ~(require|include)(_once)?\(([^)]+)~
LINE: 77
LINE: 151
LINE: 168

FILE: system/library/config.php
REGEX: ~(require|include)(_once)?\(([^)]+)~
LINE: 59

FILE: system/library/language.php
REGEX: ~(require|include)(_once)?\(([^)]+)~
LINE: 67
LINE: 73

FILE: system/library/template/template.php
REGEX: ~(require|include)(_once)?\(([^)]+)~
LINE: 18

FILE: system/library/template/twig.php
CODE: if (is_file($file)) {
LINE: 13
----------------------------------------------------------------
MOD: 301 redirect for Opencart 3.0.x

FILE: admin/language/en-gb/common/column_left.php
CODE: <?php
LINE: 4

FILE: admin/controller/common/column_left.php
CODE: // Extension
LINE: 151

FILE: catalog/controller/startup/seo_url.php
CODE: public function index() {
LINE: 32

FILE: (sub modification) catalog/controller/startup/seo_url.php
CODE: foreach ($parts as $part) {
LINE: 52

FILE: admin/model/catalog/product.php
CODE: public function editProduct($product_id, $data) {
LINE: 156

FILE: admin/model/catalog/category.php
CODE: public function editCategory($category_id, $data) {
LINE: 77

FILE: admin/model/catalog/manufacturer.php
CODE: public function editManufacturer($manufacturer_id, $data) {
LINE: 48

FILE: admin/model/catalog/information.php
CODE: public function editInformation($information_id, $data) {
LINE: 54
----------------------------------------------------------------
2025-02-10 15:41:41 - MOD: Modification Default

FILE: system/engine/action.php
REGEX: ~(require|include)(_once)?\(([^)]+)~
LINE: 69

FILE: system/engine/loader.php
REGEX: ~(require|include)(_once)?\(([^)]+)~
LINE: 77
LINE: 151
LINE: 168

FILE: system/library/config.php
REGEX: ~(require|include)(_once)?\(([^)]+)~
LINE: 59

FILE: system/library/language.php
REGEX: ~(require|include)(_once)?\(([^)]+)~
LINE: 67
LINE: 73

FILE: system/library/template/template.php
REGEX: ~(require|include)(_once)?\(([^)]+)~
LINE: 18

FILE: system/library/template/twig.php
CODE: if (is_file($file)) {
LINE: 13
----------------------------------------------------------------
MOD: 301 redirect for Opencart 3.0.x

FILE: admin/language/en-gb/common/column_left.php
CODE: <?php
LINE: 4

FILE: admin/controller/common/column_left.php
CODE: // Extension
LINE: 151

FILE: catalog/controller/startup/seo_url.php
CODE: public function index() {
LINE: 32

FILE: (sub modification) catalog/controller/startup/seo_url.php
CODE: foreach ($parts as $part) {
LINE: 52

FILE: admin/model/catalog/product.php
CODE: public function editProduct($product_id, $data) {
LINE: 156

FILE: admin/model/catalog/category.php
CODE: public function editCategory($category_id, $data) {
LINE: 77

FILE: admin/model/catalog/manufacturer.php
CODE: public function editManufacturer($manufacturer_id, $data) {
LINE: 48

FILE: admin/model/catalog/information.php
CODE: public function editInformation($information_id, $data) {
LINE: 54
----------------------------------------------------------------
2025-02-10 15:44:08 - MOD: Modification Default

FILE: system/engine/action.php
REGEX: ~(require|include)(_once)?\(([^)]+)~
LINE: 69

FILE: system/engine/loader.php
REGEX: ~(require|include)(_once)?\(([^)]+)~
LINE: 77
LINE: 151
LINE: 168

FILE: system/library/config.php
REGEX: ~(require|include)(_once)?\(([^)]+)~
LINE: 59

FILE: system/library/language.php
REGEX: ~(require|include)(_once)?\(([^)]+)~
LINE: 67
LINE: 73

FILE: system/library/template/template.php
REGEX: ~(require|include)(_once)?\(([^)]+)~
LINE: 18

FILE: system/library/template/twig.php
CODE: if (is_file($file)) {
LINE: 13
----------------------------------------------------------------
MOD: 301 redirect for Opencart 3.0.x

FILE: admin/language/en-gb/common/column_left.php
CODE: <?php
LINE: 4

FILE: admin/controller/common/column_left.php
CODE: // Extension
LINE: 151

FILE: catalog/controller/startup/seo_url.php
CODE: public function index() {
LINE: 32

FILE: (sub modification) catalog/controller/startup/seo_url.php
CODE: foreach ($parts as $part) {
LINE: 52

FILE: admin/model/catalog/product.php
CODE: public function editProduct($product_id, $data) {
LINE: 156

FILE: admin/model/catalog/category.php
CODE: public function editCategory($category_id, $data) {
LINE: 77

FILE: admin/model/catalog/manufacturer.php
CODE: public function editManufacturer($manufacturer_id, $data) {
LINE: 48

FILE: admin/model/catalog/information.php
CODE: public function editInformation($information_id, $data) {
LINE: 54
----------------------------------------------------------------
2025-02-10 21:00:45 - MOD: Modification Default

FILE: system/engine/action.php
REGEX: ~(require|include)(_once)?\(([^)]+)~
LINE: 69

FILE: system/engine/loader.php
REGEX: ~(require|include)(_once)?\(([^)]+)~
LINE: 77
LINE: 151
LINE: 168

FILE: system/library/config.php
REGEX: ~(require|include)(_once)?\(([^)]+)~
LINE: 59

FILE: system/library/language.php
REGEX: ~(require|include)(_once)?\(([^)]+)~
LINE: 67
LINE: 73

FILE: system/library/template/template.php
REGEX: ~(require|include)(_once)?\(([^)]+)~
LINE: 18

FILE: system/library/template/twig.php
CODE: if (is_file($file)) {
LINE: 13
----------------------------------------------------------------
MOD: 301 redirect for Opencart 3.0.x

FILE: admin/language/en-gb/common/column_left.php
CODE: <?php
LINE: 4

FILE: admin/controller/common/column_left.php
CODE: // Extension
LINE: 151

FILE: catalog/controller/startup/seo_url.php
CODE: public function index() {
LINE: 32

FILE: (sub modification) catalog/controller/startup/seo_url.php
CODE: foreach ($parts as $part) {
LINE: 52

FILE: admin/model/catalog/product.php
CODE: public function editProduct($product_id, $data) {
LINE: 156

FILE: admin/model/catalog/category.php
CODE: public function editCategory($category_id, $data) {
LINE: 77

FILE: admin/model/catalog/manufacturer.php
CODE: public function editManufacturer($manufacturer_id, $data) {
LINE: 48

FILE: admin/model/catalog/information.php
CODE: public function editInformation($information_id, $data) {
LINE: 54
----------------------------------------------------------------
2025-02-10 21:16:59 - MOD: Modification Default

FILE: system/engine/action.php
REGEX: ~(require|include)(_once)?\(([^)]+)~
LINE: 69

FILE: system/engine/loader.php
REGEX: ~(require|include)(_once)?\(([^)]+)~
LINE: 77
LINE: 151
LINE: 168

FILE: system/library/config.php
REGEX: ~(require|include)(_once)?\(([^)]+)~
LINE: 59

FILE: system/library/language.php
REGEX: ~(require|include)(_once)?\(([^)]+)~
LINE: 67
LINE: 73

FILE: system/library/template/template.php
REGEX: ~(require|include)(_once)?\(([^)]+)~
LINE: 18

FILE: system/library/template/twig.php
CODE: if (is_file($file)) {
LINE: 13
----------------------------------------------------------------
MOD: 301 redirect for Opencart 3.0.x

FILE: admin/language/en-gb/common/column_left.php
CODE: <?php
LINE: 4

FILE: admin/controller/common/column_left.php
CODE: // Extension
LINE: 151

FILE: catalog/controller/startup/seo_url.php
CODE: public function index() {
LINE: 32

FILE: (sub modification) catalog/controller/startup/seo_url.php
CODE: foreach ($parts as $part) {
LINE: 52

FILE: admin/model/catalog/product.php
CODE: public function editProduct($product_id, $data) {
LINE: 156

FILE: admin/model/catalog/category.php
CODE: public function editCategory($category_id, $data) {
LINE: 77

FILE: admin/model/catalog/manufacturer.php
CODE: public function editManufacturer($manufacturer_id, $data) {
LINE: 48

FILE: admin/model/catalog/information.php
CODE: public function editInformation($information_id, $data) {
LINE: 54
----------------------------------------------------------------
2025-02-10 21:42:55 - MOD: Modification Default

FILE: system/engine/action.php
REGEX: ~(require|include)(_once)?\(([^)]+)~
LINE: 69

FILE: system/engine/loader.php
REGEX: ~(require|include)(_once)?\(([^)]+)~
LINE: 77
LINE: 151
LINE: 168

FILE: system/library/config.php
REGEX: ~(require|include)(_once)?\(([^)]+)~
LINE: 59

FILE: system/library/language.php
REGEX: ~(require|include)(_once)?\(([^)]+)~
LINE: 67
LINE: 73

FILE: system/library/template/template.php
REGEX: ~(require|include)(_once)?\(([^)]+)~
LINE: 18

FILE: system/library/template/twig.php
CODE: if (is_file($file)) {
LINE: 13
----------------------------------------------------------------
MOD: 301 redirect for Opencart 3.0.x

FILE: admin/language/en-gb/common/column_left.php
CODE: <?php
LINE: 4

FILE: admin/controller/common/column_left.php
CODE: // Extension
LINE: 151

FILE: catalog/controller/startup/seo_url.php
CODE: public function index() {
LINE: 32

FILE: (sub modification) catalog/controller/startup/seo_url.php
CODE: foreach ($parts as $part) {
LINE: 52

FILE: admin/model/catalog/product.php
CODE: public function editProduct($product_id, $data) {
LINE: 156

FILE: admin/model/catalog/category.php
CODE: public function editCategory($category_id, $data) {
LINE: 77

FILE: admin/model/catalog/manufacturer.php
CODE: public function editManufacturer($manufacturer_id, $data) {
LINE: 48

FILE: admin/model/catalog/information.php
CODE: public function editInformation($information_id, $data) {
LINE: 54
----------------------------------------------------------------
2025-02-13 21:31:31 - MOD: Modification Default

FILE: system/engine/action.php
REGEX: ~(require|include)(_once)?\(([^)]+)~
LINE: 69

FILE: system/engine/loader.php
REGEX: ~(require|include)(_once)?\(([^)]+)~
LINE: 77
LINE: 151
LINE: 168

FILE: system/library/config.php
REGEX: ~(require|include)(_once)?\(([^)]+)~
LINE: 59

FILE: system/library/language.php
REGEX: ~(require|include)(_once)?\(([^)]+)~
LINE: 67
LINE: 73

FILE: system/library/template/template.php
REGEX: ~(require|include)(_once)?\(([^)]+)~
LINE: 18

FILE: system/library/template/twig.php
CODE: if (is_file($file)) {
LINE: 13
----------------------------------------------------------------
MOD: 301 redirect for Opencart 3.0.x

FILE: admin/language/en-gb/common/column_left.php
CODE: <?php
LINE: 4

FILE: admin/controller/common/column_left.php
CODE: // Extension
LINE: 151

FILE: catalog/controller/startup/seo_url.php
CODE: public function index() {
LINE: 32

FILE: (sub modification) catalog/controller/startup/seo_url.php
CODE: foreach ($parts as $part) {
LINE: 52

FILE: admin/model/catalog/product.php
CODE: public function editProduct($product_id, $data) {
LINE: 156

FILE: admin/model/catalog/category.php
CODE: public function editCategory($category_id, $data) {
LINE: 77

FILE: admin/model/catalog/manufacturer.php
CODE: public function editManufacturer($manufacturer_id, $data) {
LINE: 48

FILE: admin/model/catalog/information.php
CODE: public function editInformation($information_id, $data) {
LINE: 54
----------------------------------------------------------------
2025-02-13 22:32:41 - MOD: Modification Default

FILE: system/engine/action.php
REGEX: ~(require|include)(_once)?\(([^)]+)~
LINE: 69

FILE: system/engine/loader.php
REGEX: ~(require|include)(_once)?\(([^)]+)~
LINE: 77
LINE: 151
LINE: 168

FILE: system/library/config.php
REGEX: ~(require|include)(_once)?\(([^)]+)~
LINE: 59

FILE: system/library/language.php
REGEX: ~(require|include)(_once)?\(([^)]+)~
LINE: 67
LINE: 73

FILE: system/library/template/template.php
REGEX: ~(require|include)(_once)?\(([^)]+)~
LINE: 18

FILE: system/library/template/twig.php
CODE: if (is_file($file)) {
LINE: 13
----------------------------------------------------------------
MOD: 301 redirect for Opencart 3.0.x

FILE: admin/language/en-gb/common/column_left.php
CODE: <?php
LINE: 4

FILE: admin/controller/common/column_left.php
CODE: // Extension
LINE: 151

FILE: catalog/controller/startup/seo_url.php
CODE: public function index() {
LINE: 32

FILE: (sub modification) catalog/controller/startup/seo_url.php
CODE: foreach ($parts as $part) {
LINE: 52

FILE: admin/model/catalog/product.php
CODE: public function editProduct($product_id, $data) {
LINE: 156

FILE: admin/model/catalog/category.php
CODE: public function editCategory($category_id, $data) {
LINE: 77

FILE: admin/model/catalog/manufacturer.php
CODE: public function editManufacturer($manufacturer_id, $data) {
LINE: 48

FILE: admin/model/catalog/information.php
CODE: public function editInformation($information_id, $data) {
LINE: 54
----------------------------------------------------------------
2025-02-19 20:48:18 - MOD: Modification Default

FILE: system/engine/action.php
REGEX: ~(require|include)(_once)?\(([^)]+)~
LINE: 69

FILE: system/engine/loader.php
REGEX: ~(require|include)(_once)?\(([^)]+)~
LINE: 77
LINE: 151
LINE: 168

FILE: system/library/config.php
REGEX: ~(require|include)(_once)?\(([^)]+)~
LINE: 59

FILE: system/library/language.php
REGEX: ~(require|include)(_once)?\(([^)]+)~
LINE: 67
LINE: 73

FILE: system/library/template/template.php
REGEX: ~(require|include)(_once)?\(([^)]+)~
LINE: 18

FILE: system/library/template/twig.php
CODE: if (is_file($file)) {
LINE: 13
----------------------------------------------------------------
MOD: 301 redirect for Opencart 3.0.x

FILE: admin/language/en-gb/common/column_left.php
CODE: <?php
LINE: 4

FILE: admin/controller/common/column_left.php
CODE: // Extension
LINE: 151

FILE: catalog/controller/startup/seo_url.php
CODE: public function index() {
LINE: 32

FILE: (sub modification) catalog/controller/startup/seo_url.php
CODE: foreach ($parts as $part) {
LINE: 52

FILE: admin/model/catalog/product.php
CODE: public function editProduct($product_id, $data) {
LINE: 156

FILE: admin/model/catalog/category.php
CODE: public function editCategory($category_id, $data) {
LINE: 77

FILE: admin/model/catalog/manufacturer.php
CODE: public function editManufacturer($manufacturer_id, $data) {
LINE: 48

FILE: admin/model/catalog/information.php
CODE: public function editInformation($information_id, $data) {
LINE: 54
----------------------------------------------------------------
2025-02-22 21:25:16 - MOD: Modification Default

FILE: system/engine/action.php
REGEX: ~(require|include)(_once)?\(([^)]+)~
LINE: 69

FILE: system/engine/loader.php
REGEX: ~(require|include)(_once)?\(([^)]+)~
LINE: 77
LINE: 151
LINE: 168

FILE: system/library/config.php
REGEX: ~(require|include)(_once)?\(([^)]+)~
LINE: 59

FILE: system/library/language.php
REGEX: ~(require|include)(_once)?\(([^)]+)~
LINE: 67
LINE: 73

FILE: system/library/template/template.php
REGEX: ~(require|include)(_once)?\(([^)]+)~
LINE: 18

FILE: system/library/template/twig.php
CODE: if (is_file($file)) {
LINE: 13
----------------------------------------------------------------
MOD: 301 redirect for Opencart 3.0.x

FILE: admin/language/en-gb/common/column_left.php
CODE: <?php
LINE: 4

FILE: admin/controller/common/column_left.php
CODE: // Extension
LINE: 151

FILE: catalog/controller/startup/seo_url.php
CODE: public function index() {
LINE: 32

FILE: (sub modification) catalog/controller/startup/seo_url.php
CODE: foreach ($parts as $part) {
LINE: 52

FILE: admin/model/catalog/product.php
CODE: public function editProduct($product_id, $data) {
LINE: 156

FILE: admin/model/catalog/category.php
CODE: public function editCategory($category_id, $data) {
LINE: 77

FILE: admin/model/catalog/manufacturer.php
CODE: public function editManufacturer($manufacturer_id, $data) {
LINE: 48

FILE: admin/model/catalog/information.php
CODE: public function editInformation($information_id, $data) {
LINE: 54
----------------------------------------------------------------
