2025-01-07 08:43:38 - Class "Opencart\Catalog\Controller\Common\Controller" not found in C:\OSPanel\domains\localhost\catalog\controller\common\home.php on line 3
2025-01-08 20:21:21 - Unable to find template "catalog/view/template/common/header.twig" (looked into: ). in C:\OSPanel\domains\localhost\system\storage\vendor\twig\twig\src\Loader\FilesystemLoader.php on line 227
2025-01-08 20:21:42 - Unable to find template "catalog/view/template/common/header.twig" (looked into: ). in C:\OSPanel\domains\localhost\system\storage\vendor\twig\twig\src\Loader\FilesystemLoader.php on line 227
2025-01-08 20:24:10 - Unable to find template "catalog/view/template/common/header.twig" (looked into: ). in C:\OSPanel\domains\localhost\system\storage\vendor\twig\twig\src\Loader\FilesystemLoader.php on line 227
2025-01-08 20:24:34 - Unable to find template "catalog/view/template/common/header.twig" (looked into: ). in C:\OSPanel\domains\localhost\system\storage\vendor\twig\twig\src\Loader\FilesystemLoader.php on line 227
2025-01-08 20:27:45 - Unable to find template "catalog/view/template/common/header.twig" (looked into: ). in C:\OSPanel\domains\localhost\system\storage\vendor\twig\twig\src\Loader\FilesystemLoader.php on line 227
2025-01-08 20:29:53 - Unable to find template "catalog/view/template/common/header.twig" (looked into: ). in C:\OSPanel\domains\localhost\system\storage\vendor\twig\twig\src\Loader\FilesystemLoader.php on line 227
2025-01-08 20:32:04 - Unable to find template "catalog/view/template/common/header.twig" (looked into: ). in C:\OSPanel\domains\localhost\system\storage\vendor\twig\twig\src\Loader\FilesystemLoader.php on line 227
2025-01-08 20:32:06 - Unable to find template "catalog/view/template/common/header.twig" (looked into: ). in C:\OSPanel\domains\localhost\system\storage\vendor\twig\twig\src\Loader\FilesystemLoader.php on line 227
2025-01-08 21:05:59 - Unable to find template "catalog/view/template/common/column_right.twig" (looked into: ). in C:\OSPanel\domains\localhost\system\storage\vendor\twig\twig\src\Loader\FilesystemLoader.php on line 227
2025-01-09 17:57:34 - Unable to find template "common/carousel.twig" (looked into: ). in C:\OSPanel\domains\localhost\catalog\view\template\common\home.twig on line 5
2025-01-09 17:57:51 - Unable to find template "carousel.twig" (looked into: ). in C:\OSPanel\domains\localhost\catalog\view\template\common\home.twig on line 5
2025-01-11 14:14:00 - Unknown "product" function. in C:\OSPanel\domains\localhost\catalog\view\template\common\home.twig on line 70
2025-01-11 14:24:24 - Unknown "product" function. in C:\OSPanel\domains\localhost\catalog\view\template\common\home.twig on line 70
2025-01-11 14:24:37 - PHP Warning:  Array to string conversion in C:\OSPanel\domains\localhost_storage\cache\template\22\224949be4a573ef86cf2aea24813c308.php on line 118
2025-01-11 14:24:37 - PHP Warning:  Array to string conversion in C:\OSPanel\domains\localhost_storage\cache\template\22\224949be4a573ef86cf2aea24813c308.php on line 118
2025-01-11 14:24:37 - PHP Warning:  Array to string conversion in C:\OSPanel\domains\localhost_storage\cache\template\22\224949be4a573ef86cf2aea24813c308.php on line 118
2025-01-11 14:24:37 - PHP Warning:  Array to string conversion in C:\OSPanel\domains\localhost_storage\cache\template\22\224949be4a573ef86cf2aea24813c308.php on line 118
2025-01-11 14:24:37 - PHP Warning:  Array to string conversion in C:\OSPanel\domains\localhost_storage\cache\template\22\224949be4a573ef86cf2aea24813c308.php on line 118
2025-01-11 14:24:37 - PHP Warning:  Array to string conversion in C:\OSPanel\domains\localhost_storage\cache\template\22\224949be4a573ef86cf2aea24813c308.php on line 118
2025-01-11 14:24:37 - PHP Warning:  Array to string conversion in C:\OSPanel\domains\localhost_storage\cache\template\22\224949be4a573ef86cf2aea24813c308.php on line 118
2025-01-11 14:24:37 - PHP Warning:  Array to string conversion in C:\OSPanel\domains\localhost_storage\cache\template\22\224949be4a573ef86cf2aea24813c308.php on line 118
2025-01-11 14:24:37 - PHP Warning:  Array to string conversion in C:\OSPanel\domains\localhost_storage\cache\template\22\224949be4a573ef86cf2aea24813c308.php on line 118
2025-01-11 14:24:37 - PHP Warning:  Array to string conversion in C:\OSPanel\domains\localhost_storage\cache\template\22\224949be4a573ef86cf2aea24813c308.php on line 118
2025-01-11 14:24:37 - PHP Warning:  Array to string conversion in C:\OSPanel\domains\localhost_storage\cache\template\22\224949be4a573ef86cf2aea24813c308.php on line 118
2025-01-11 14:24:37 - PHP Warning:  Array to string conversion in C:\OSPanel\domains\localhost_storage\cache\template\22\224949be4a573ef86cf2aea24813c308.php on line 118
2025-01-11 14:24:37 - PHP Warning:  Array to string conversion in C:\OSPanel\domains\localhost_storage\cache\template\22\224949be4a573ef86cf2aea24813c308.php on line 118
2025-01-11 14:24:37 - PHP Warning:  Array to string conversion in C:\OSPanel\domains\localhost_storage\cache\template\22\224949be4a573ef86cf2aea24813c308.php on line 118
2025-01-11 14:24:37 - PHP Warning:  Array to string conversion in C:\OSPanel\domains\localhost_storage\cache\template\22\224949be4a573ef86cf2aea24813c308.php on line 118
2025-01-11 14:24:37 - PHP Warning:  Array to string conversion in C:\OSPanel\domains\localhost_storage\cache\template\22\224949be4a573ef86cf2aea24813c308.php on line 118
2025-01-11 14:24:37 - PHP Warning:  Array to string conversion in C:\OSPanel\domains\localhost_storage\cache\template\22\224949be4a573ef86cf2aea24813c308.php on line 118
2025-01-11 14:24:37 - PHP Warning:  Array to string conversion in C:\OSPanel\domains\localhost_storage\cache\template\22\224949be4a573ef86cf2aea24813c308.php on line 118
2025-01-11 14:24:37 - PHP Warning:  Array to string conversion in C:\OSPanel\domains\localhost_storage\cache\template\22\224949be4a573ef86cf2aea24813c308.php on line 118
2025-01-11 14:24:37 - PHP Warning:  Array to string conversion in C:\OSPanel\domains\localhost_storage\cache\template\22\224949be4a573ef86cf2aea24813c308.php on line 118
2025-01-11 14:25:01 - PHP Warning:  Array to string conversion in C:\OSPanel\domains\localhost_storage\cache\template\22\224949be4a573ef86cf2aea24813c308.php on line 118
2025-01-11 14:25:01 - PHP Warning:  Array to string conversion in C:\OSPanel\domains\localhost_storage\cache\template\22\224949be4a573ef86cf2aea24813c308.php on line 118
2025-01-11 14:25:01 - PHP Warning:  Array to string conversion in C:\OSPanel\domains\localhost_storage\cache\template\22\224949be4a573ef86cf2aea24813c308.php on line 118
2025-01-11 14:25:01 - PHP Warning:  Array to string conversion in C:\OSPanel\domains\localhost_storage\cache\template\22\224949be4a573ef86cf2aea24813c308.php on line 118
2025-01-11 14:25:01 - PHP Warning:  Array to string conversion in C:\OSPanel\domains\localhost_storage\cache\template\22\224949be4a573ef86cf2aea24813c308.php on line 118
2025-01-11 14:25:01 - PHP Warning:  Array to string conversion in C:\OSPanel\domains\localhost_storage\cache\template\22\224949be4a573ef86cf2aea24813c308.php on line 118
2025-01-11 14:25:01 - PHP Warning:  Array to string conversion in C:\OSPanel\domains\localhost_storage\cache\template\22\224949be4a573ef86cf2aea24813c308.php on line 118
2025-01-11 14:25:01 - PHP Warning:  Array to string conversion in C:\OSPanel\domains\localhost_storage\cache\template\22\224949be4a573ef86cf2aea24813c308.php on line 118
2025-01-11 14:25:01 - PHP Warning:  Array to string conversion in C:\OSPanel\domains\localhost_storage\cache\template\22\224949be4a573ef86cf2aea24813c308.php on line 118
2025-01-11 14:25:01 - PHP Warning:  Array to string conversion in C:\OSPanel\domains\localhost_storage\cache\template\22\224949be4a573ef86cf2aea24813c308.php on line 118
2025-01-11 14:25:01 - PHP Warning:  Array to string conversion in C:\OSPanel\domains\localhost_storage\cache\template\22\224949be4a573ef86cf2aea24813c308.php on line 118
2025-01-11 14:25:01 - PHP Warning:  Array to string conversion in C:\OSPanel\domains\localhost_storage\cache\template\22\224949be4a573ef86cf2aea24813c308.php on line 118
2025-01-11 14:25:01 - PHP Warning:  Array to string conversion in C:\OSPanel\domains\localhost_storage\cache\template\22\224949be4a573ef86cf2aea24813c308.php on line 118
2025-01-11 14:25:01 - PHP Warning:  Array to string conversion in C:\OSPanel\domains\localhost_storage\cache\template\22\224949be4a573ef86cf2aea24813c308.php on line 118
2025-01-11 14:25:01 - PHP Warning:  Array to string conversion in C:\OSPanel\domains\localhost_storage\cache\template\22\224949be4a573ef86cf2aea24813c308.php on line 118
2025-01-11 14:25:01 - PHP Warning:  Array to string conversion in C:\OSPanel\domains\localhost_storage\cache\template\22\224949be4a573ef86cf2aea24813c308.php on line 118
2025-01-11 14:25:01 - PHP Warning:  Array to string conversion in C:\OSPanel\domains\localhost_storage\cache\template\22\224949be4a573ef86cf2aea24813c308.php on line 118
2025-01-11 14:25:01 - PHP Warning:  Array to string conversion in C:\OSPanel\domains\localhost_storage\cache\template\22\224949be4a573ef86cf2aea24813c308.php on line 118
2025-01-11 14:25:01 - PHP Warning:  Array to string conversion in C:\OSPanel\domains\localhost_storage\cache\template\22\224949be4a573ef86cf2aea24813c308.php on line 118
2025-01-11 14:25:01 - PHP Warning:  Array to string conversion in C:\OSPanel\domains\localhost_storage\cache\template\22\224949be4a573ef86cf2aea24813c308.php on line 118
2025-01-11 14:31:11 - Opencart\Catalog\Model\Catalog\Product::getProducts(): Argument #1 ($data) must be of type array, int given in C:\OSPanel\domains\localhost\catalog\model\catalog\product.php on line 55
2025-01-14 15:41:46 - Error: Could not call registry key model_tool_image! in C:\OSPanel\domains\localhost\system\engine\controller.php on line 39
2025-01-14 15:41:54 - Error: Could not call registry key model_tool_image! in C:\OSPanel\domains\localhost\system\engine\controller.php on line 39
2025-01-14 15:43:41 - Error: Could not call registry key product_image! in C:\OSPanel\domains\localhost\system\engine\controller.php on line 39
2025-01-14 15:45:47 - Error: Could not call registry key image! in C:\OSPanel\domains\localhost\system\engine\controller.php on line 39
2025-01-14 16:26:52 - Unable to find template "catalog/view/template/common/column_left.twig" (looked into: ). in C:\OSPanel\domains\localhost_storage\vendor\twig\twig\src\Loader\FilesystemLoader.php on line 227
2025-01-14 16:27:32 - Unable to find template "catalog/view/template/common/column_left.twig" (looked into: ). in C:\OSPanel\domains\localhost_storage\vendor\twig\twig\src\Loader\FilesystemLoader.php on line 227
2025-01-14 16:28:43 - Unable to find template "catalog/view/template/common/column_left.twig" (looked into: ). in C:\OSPanel\domains\localhost_storage\vendor\twig\twig\src\Loader\FilesystemLoader.php on line 227
2025-01-14 16:29:24 - Unable to find template "catalog/view/template/common/column_left.twig" (looked into: ). in C:\OSPanel\domains\localhost_storage\vendor\twig\twig\src\Loader\FilesystemLoader.php on line 227
2025-01-18 10:02:34 - Unable to find template "common/breadcrumbs.twig" (looked into: ) in "catalog/view/template/common/shop.twig" at line 2. in C:\OSPanel\domains\localhost_storage\vendor\twig\twig\src\Loader\FilesystemLoader.php on line 227
2025-01-18 10:02:50 - PHP Warning:  Array to string conversion in C:\OSPanel\domains\localhost_storage\cache\template\5c\5cec08706d7464500e61a4cafc7d5a7e.php on line 41
2025-01-18 11:25:04 - <b>Notice</b>:  Undefined property: Proxy::getCategoriesByProductId in <b>C:\OSPanel\domains\localhost\catalog\controller\all\all.php</b> on line <b>38</b> in C:\OSPanel\domains\localhost\system\engine\proxy.php on line 85
2025-01-18 11:25:32 - <b>Notice</b>:  Undefined property: Proxy::getCategoriesByProductId in <b>C:\OSPanel\domains\localhost\catalog\controller\all\all.php</b> on line <b>38</b> in C:\OSPanel\domains\localhost\system\engine\proxy.php on line 85
2025-01-18 11:25:41 - <b>Notice</b>:  Undefined property: Proxy::getCategoriesByProductId in <b>C:\OSPanel\domains\localhost\catalog\controller\all\all.php</b> on line <b>38</b> in C:\OSPanel\domains\localhost\system\engine\proxy.php on line 85
2025-01-18 11:25:44 - <b>Notice</b>:  Undefined property: Proxy::getCategoriesByProductId in <b>C:\OSPanel\domains\localhost\catalog\controller\all\all.php</b> on line <b>38</b> in C:\OSPanel\domains\localhost\system\engine\proxy.php on line 85
2025-01-18 11:26:36 - <b>Notice</b>:  Undefined property: Proxy::getCategoriesByProductId in <b>C:\OSPanel\domains\localhost\catalog\controller\all\all.php</b> on line <b>38</b> in C:\OSPanel\domains\localhost\system\engine\proxy.php on line 85
2025-01-18 11:27:30 - <b>Notice</b>:  Undefined property: Proxy::getCategoriesByProductId in <b>C:\OSPanel\domains\localhost\catalog\controller\all\all.php</b> on line <b>38</b> in C:\OSPanel\domains\localhost\system\engine\proxy.php on line 85
2025-01-18 11:28:17 - <b>Notice</b>:  Undefined property: Proxy::getCategoriesByProductId in <b>C:\OSPanel\domains\localhost\catalog\controller\all\all.php</b> on line <b>38</b> in C:\OSPanel\domains\localhost\system\engine\proxy.php on line 85
2025-01-18 14:11:40 - <b>Notice</b>:  Undefined property: Proxy::getProductCategories in <b>C:\OSPanel\domains\localhost\catalog\controller\common\singleproduct.php</b> on line <b>37</b> in C:\OSPanel\domains\localhost\system\engine\proxy.php on line 85
2025-01-18 14:13:10 - Opencart\Catalog\Model\Catalog\Category::getCategory(): Argument #1 ($category_id) must be of type int, array given in C:\OSPanel\domains\localhost\catalog\model\catalog\category.php on line 14
2025-01-18 14:13:41 - Opencart\Catalog\Model\Catalog\Category::getCategory(): Argument #1 ($category_id) must be of type int, array given in C:\OSPanel\domains\localhost\catalog\model\catalog\category.php on line 14
2025-01-18 14:14:05 - Opencart\Catalog\Model\Catalog\Category::getCategory(): Argument #1 ($category_id) must be of type int, array given in C:\OSPanel\domains\localhost\catalog\model\catalog\category.php on line 14
2025-01-18 14:14:17 - Opencart\Catalog\Model\Catalog\Category::getCategory(): Argument #1 ($category_id) must be of type int, array given in C:\OSPanel\domains\localhost\catalog\model\catalog\category.php on line 14
2025-01-18 14:14:41 - Opencart\Catalog\Model\Catalog\Category::getCategory(): Argument #1 ($category_id) must be of type int, array given in C:\OSPanel\domains\localhost\catalog\model\catalog\category.php on line 14
2025-01-18 14:23:52 - Unexpected token "name" of value "image_url" ("end of print statement" expected). in C:\OSPanel\domains\localhost\catalog\view\template\common\singleproduct.twig on line 13
2025-01-18 14:24:16 - PHP Warning:  Array to string conversion in C:\OSPanel\domains\localhost_storage\cache\template\85\8524832adff72a93c0a7d16e2ad28a04.php on line 54
2025-01-18 14:24:25 - Unsupported operand types: string + string in C:\OSPanel\domains\localhost_storage\cache\template\85\8524832adff72a93c0a7d16e2ad28a04.php on line 54
2025-01-18 14:32:22 - Unexpected character "$". in C:\OSPanel\domains\localhost\catalog\view\template\common\singleproduct.twig on line 37
2025-01-18 14:55:57 - PHP Warning:  Undefined variable $category_info in C:\OSPanel\domains\localhost\catalog\controller\common\singleproduct.php on line 66
2025-01-18 14:55:57 - PHP Warning:  Trying to access array offset on value of type null in C:\OSPanel\domains\localhost\catalog\controller\common\singleproduct.php on line 66
2025-01-18 14:56:17 - PHP Warning:  Undefined variable $category_info in C:\OSPanel\domains\localhost\catalog\controller\common\singleproduct.php on line 66
2025-01-18 14:56:17 - PHP Warning:  Trying to access array offset on value of type null in C:\OSPanel\domains\localhost\catalog\controller\common\singleproduct.php on line 66
2025-01-18 14:56:20 - PHP Warning:  Undefined variable $category_info in C:\OSPanel\domains\localhost\catalog\controller\common\singleproduct.php on line 66
2025-01-18 14:56:20 - PHP Warning:  Trying to access array offset on value of type null in C:\OSPanel\domains\localhost\catalog\controller\common\singleproduct.php on line 66
2025-01-19 08:01:16 - PHP Warning:  Undefined array key "name" in C:\OSPanel\domains\localhost\catalog\controller\common\singleproduct.php on line 30
2025-01-19 08:01:16 - PHP Warning:  Undefined array key "price" in C:\OSPanel\domains\localhost\catalog\controller\common\singleproduct.php on line 31
2025-01-19 08:01:16 - PHP Warning:  Undefined array key "image" in C:\OSPanel\domains\localhost\catalog\controller\common\singleproduct.php on line 32
2025-01-19 08:01:16 - PHP Warning:  Undefined array key "description" in C:\OSPanel\domains\localhost\catalog\controller\common\singleproduct.php on line 33
2025-01-19 08:01:16 - PHP Warning:  Undefined array key "rating" in C:\OSPanel\domains\localhost\catalog\controller\common\singleproduct.php on line 34
2025-01-19 08:01:16 - PHP Warning:  Undefined array key "description" in C:\OSPanel\domains\localhost\catalog\controller\common\singleproduct.php on line 35
2025-01-19 08:01:16 - PHP Unknown:  htmlspecialchars_decode(): Passing null to parameter #1 ($string) of type string is deprecated in C:\OSPanel\domains\localhost\catalog\controller\common\singleproduct.php on line 35
2025-01-19 08:01:16 - PHP Warning:  Undefined array key "quantity" in C:\OSPanel\domains\localhost\catalog\controller\common\singleproduct.php on line 36
2025-01-19 08:01:16 - PHP Warning:  Undefined array key "sku" in C:\OSPanel\domains\localhost\catalog\controller\common\singleproduct.php on line 37
2025-01-19 08:01:16 - PHP Warning:  Undefined variable $category_info in C:\OSPanel\domains\localhost\catalog\controller\common\singleproduct.php on line 67
2025-01-19 08:01:16 - PHP Warning:  Trying to access array offset on value of type null in C:\OSPanel\domains\localhost\catalog\controller\common\singleproduct.php on line 67
2025-01-19 08:01:16 - PHP Warning:  Undefined array key "name" in C:\OSPanel\domains\localhost\catalog\controller\common\singleproduct.php on line 71
2025-01-19 12:11:38 - PHP Warning:  Undefined variable $router in C:\OSPanel\domains\localhost\index.php on line 21
2025-01-19 12:11:38 - Call to a member function add() on null in C:\OSPanel\domains\localhost\index.php on line 21
2025-01-19 12:11:41 - PHP Warning:  Undefined variable $router in C:\OSPanel\domains\localhost\index.php on line 21
2025-01-19 12:11:41 - Call to a member function add() on null in C:\OSPanel\domains\localhost\index.php on line 21
2025-01-21 20:33:00 - PHP Warning:  Undefined variable $category_info in C:\OSPanel\domains\localhost\catalog\controller\common\singleproduct.php on line 77
2025-01-21 20:33:00 - PHP Warning:  Trying to access array offset on value of type null in C:\OSPanel\domains\localhost\catalog\controller\common\singleproduct.php on line 77
2025-01-23 19:30:04 - PHP Warning:  Undefined variable $category_info in C:\OSPanel\domains\localhost\catalog\controller\common\singleproduct.php on line 77
2025-01-23 19:30:04 - PHP Warning:  Trying to access array offset on value of type null in C:\OSPanel\domains\localhost\catalog\controller\common\singleproduct.php on line 77
2025-01-30 16:31:04 - Unknown "endif" tag. in C:\OSPanel\domains\localhost\catalog\view\template\account\login.twig on line 3
2025-01-30 18:46:25 - Error: Could not make a database link using root@localhost!<br/>Message: Подключение не установлено, т.к. конечный компьютер отверг запрос на подключение: in C:\OSPanel\domains\localhost\system\library\db\mysqli.php on line 40
2025-01-30 19:03:58 - Error: Could not load model Opencart\Catalog\Model\Catalog\Attribute! in C:\OSPanel\domains\localhost\system\engine\loader.php on line 177
2025-01-30 19:05:12 - <b>Notice</b>:  Undefined property: Proxy::getProductAttributes in <b>C:\OSPanel\domains\localhost\catalog\controller\common\wholesale.php</b> on line <b>83</b> in C:\OSPanel\domains\localhost\system\engine\proxy.php on line 85
2025-01-30 19:06:08 - Error: Unknown column 'pa.attribute_group_id' in 'on clause'<br/>Error No: 1054<br/>
			SELECT agd.name, pa.text 
			FROM oc_product_attribute pa 
			LEFT JOIN oc_attribute_group_description agd ON (pa.attribute_group_id = agd.attribute_group_id)
			WHERE pa.product_id = 50
		 in C:\OSPanel\domains\localhost\system\library\db\mysqli.php on line 76
2025-01-30 19:07:19 - <b>Notice</b>:  Undefined property: Proxy::getProductAttributes in <b>C:\OSPanel\domains\localhost\catalog\controller\common\wholesale.php</b> on line <b>83</b> in C:\OSPanel\domains\localhost\system\engine\proxy.php on line 85
2025-01-30 19:09:42 - <b>Notice</b>:  Undefined property: Proxy::getProductAttributes in <b>C:\OSPanel\domains\localhost\catalog\controller\common\wholesale.php</b> on line <b>57</b> in C:\OSPanel\domains\localhost\system\engine\proxy.php on line 85
2025-01-30 19:11:15 - <b>Notice</b>:  Undefined property: Proxy::getProductAttributes in <b>C:\OSPanel\domains\localhost\catalog\controller\common\wholesale.php</b> on line <b>83</b> in C:\OSPanel\domains\localhost\system\engine\proxy.php on line 85
2025-01-30 19:14:55 - PHP Warning:  Array to string conversion in C:\OSPanel\domains\localhost\catalog\controller\common\wholesale.php on line 83
2025-01-30 19:14:55 - PHP Warning:  Array to string conversion in C:\OSPanel\domains\localhost\catalog\controller\common\wholesale.php on line 83
2025-01-30 19:50:13 - Unsupported operand types: string * string in C:\OSPanel\domains\localhost_storage\cache\template\cc\ccabbe865efaedb335b312474e825c93.php on line 118
2025-01-30 19:50:29 - Unsupported operand types: string * string in C:\OSPanel\domains\localhost_storage\cache\template\cc\ccabbe865efaedb335b312474e825c93.php on line 119
2025-01-30 22:01:56 - PHP Warning:  Undefined array key "limit" in C:\OSPanel\domains\localhost\catalog\model\catalog\product.php on line 189
2025-01-31 14:46:46 - Unsupported operand types: string * string in C:\OSPanel\domains\localhost\catalog\controller\common\wholesale.php on line 108
2025-01-31 14:47:47 - Unsupported operand types: string * int in C:\OSPanel\domains\localhost\catalog\controller\common\wholesale.php on line 108
2025-01-31 14:48:54 - Unsupported operand types: string / string in C:\OSPanel\domains\localhost\catalog\controller\common\wholesale.php on line 106
2025-01-31 14:49:19 - Division by zero in C:\OSPanel\domains\localhost\catalog\controller\common\wholesale.php on line 106
2025-01-31 15:03:33 - Object of class Opencart\Catalog\Controller\Common\Wholesale could not be converted to string in C:\OSPanel\domains\localhost\catalog\controller\common\wholesale.php on line 49
2025-01-31 19:26:11 - Error: Could not load model Opencart\Catalog\Model\Localisation\Tax! in C:\OSPanel\domains\localhost\system\engine\loader.php on line 177
2025-01-31 19:26:27 - Error: Could not load model Opencart\Catalog\Model\Localisation\Tax! in C:\OSPanel\domains\localhost\system\engine\loader.php on line 177
2025-02-05 18:56:30 - PHP Warning:  Undefined array key "image" in C:\OSPanel\domains\oc34\catalog\model\localisation\language.php on line 23
2025-02-05 18:56:30 - PHP Warning:  Undefined array key "directory" in C:\OSPanel\domains\oc34\catalog\model\localisation\language.php on line 24
2025-02-05 18:56:30 - PHP Warning:  mysqli::query(): (42S22/1054): Unknown column 'theme' in 'where clause' in C:\OSPanel\domains\oc34\system\library\db\mysqli.php on line 25
2025-02-05 19:03:19 - PHP Warning:  Undefined array key "USD" in C:\OSPanel\domains\oc34\system\library\cart\currency.php on line 27
2025-02-05 19:03:19 - PHP Warning:  Trying to access array offset on value of type null in C:\OSPanel\domains\oc34\system\library\cart\currency.php on line 27
2025-02-05 19:03:19 - PHP Warning:  Undefined array key "USD" in C:\OSPanel\domains\oc34\system\library\cart\currency.php on line 28
2025-02-05 19:03:19 - PHP Warning:  Trying to access array offset on value of type null in C:\OSPanel\domains\oc34\system\library\cart\currency.php on line 28
2025-02-05 19:03:19 - PHP Warning:  Undefined array key "USD" in C:\OSPanel\domains\oc34\system\library\cart\currency.php on line 29
2025-02-05 19:03:19 - PHP Warning:  Trying to access array offset on value of type null in C:\OSPanel\domains\oc34\system\library\cart\currency.php on line 29
2025-02-05 19:03:19 - PHP Warning:  Undefined array key "USD" in C:\OSPanel\domains\oc34\system\library\cart\currency.php on line 32
2025-02-05 19:03:19 - PHP Warning:  Trying to access array offset on value of type null in C:\OSPanel\domains\oc34\system\library\cart\currency.php on line 32
2025-02-05 19:03:19 - PHP Warning:  Undefined array key "USD" in C:\OSPanel\domains\oc34\system\library\cart\currency.php on line 27
2025-02-05 19:03:19 - PHP Warning:  Trying to access array offset on value of type null in C:\OSPanel\domains\oc34\system\library\cart\currency.php on line 27
2025-02-05 19:03:19 - PHP Warning:  Undefined array key "USD" in C:\OSPanel\domains\oc34\system\library\cart\currency.php on line 28
2025-02-05 19:03:19 - PHP Warning:  Trying to access array offset on value of type null in C:\OSPanel\domains\oc34\system\library\cart\currency.php on line 28
2025-02-05 19:03:19 - PHP Warning:  Undefined array key "USD" in C:\OSPanel\domains\oc34\system\library\cart\currency.php on line 29
2025-02-05 19:03:19 - PHP Warning:  Trying to access array offset on value of type null in C:\OSPanel\domains\oc34\system\library\cart\currency.php on line 29
2025-02-05 19:03:19 - PHP Warning:  Undefined array key "USD" in C:\OSPanel\domains\oc34\system\library\cart\currency.php on line 32
2025-02-05 19:03:19 - PHP Warning:  Trying to access array offset on value of type null in C:\OSPanel\domains\oc34\system\library\cart\currency.php on line 32
2025-02-05 19:03:19 - PHP Warning:  Undefined array key "USD" in C:\OSPanel\domains\oc34\system\library\cart\currency.php on line 27
2025-02-05 19:03:19 - PHP Warning:  Trying to access array offset on value of type null in C:\OSPanel\domains\oc34\system\library\cart\currency.php on line 27
2025-02-05 19:03:19 - PHP Warning:  Undefined array key "USD" in C:\OSPanel\domains\oc34\system\library\cart\currency.php on line 28
2025-02-05 19:03:19 - PHP Warning:  Trying to access array offset on value of type null in C:\OSPanel\domains\oc34\system\library\cart\currency.php on line 28
2025-02-05 19:03:19 - PHP Warning:  Undefined array key "USD" in C:\OSPanel\domains\oc34\system\library\cart\currency.php on line 29
2025-02-05 19:03:19 - PHP Warning:  Trying to access array offset on value of type null in C:\OSPanel\domains\oc34\system\library\cart\currency.php on line 29
2025-02-05 19:03:19 - PHP Warning:  Undefined array key "USD" in C:\OSPanel\domains\oc34\system\library\cart\currency.php on line 32
2025-02-05 19:03:19 - PHP Warning:  Trying to access array offset on value of type null in C:\OSPanel\domains\oc34\system\library\cart\currency.php on line 32
2025-02-05 19:04:11 - PHP Warning:  Undefined array key "USD" in C:\OSPanel\domains\oc34\system\library\cart\currency.php on line 27
2025-02-05 19:04:11 - PHP Warning:  Trying to access array offset on value of type null in C:\OSPanel\domains\oc34\system\library\cart\currency.php on line 27
2025-02-05 19:04:11 - PHP Warning:  Undefined array key "USD" in C:\OSPanel\domains\oc34\system\library\cart\currency.php on line 28
2025-02-05 19:04:11 - PHP Warning:  Trying to access array offset on value of type null in C:\OSPanel\domains\oc34\system\library\cart\currency.php on line 28
2025-02-05 19:04:11 - PHP Warning:  Undefined array key "USD" in C:\OSPanel\domains\oc34\system\library\cart\currency.php on line 29
2025-02-05 19:04:11 - PHP Warning:  Trying to access array offset on value of type null in C:\OSPanel\domains\oc34\system\library\cart\currency.php on line 29
2025-02-05 19:04:11 - PHP Warning:  Undefined array key "USD" in C:\OSPanel\domains\oc34\system\library\cart\currency.php on line 32
2025-02-05 19:04:11 - PHP Warning:  Trying to access array offset on value of type null in C:\OSPanel\domains\oc34\system\library\cart\currency.php on line 32
2025-02-05 19:04:11 - PHP Warning:  Undefined array key "USD" in C:\OSPanel\domains\oc34\system\library\cart\currency.php on line 27
2025-02-05 19:04:11 - PHP Warning:  Trying to access array offset on value of type null in C:\OSPanel\domains\oc34\system\library\cart\currency.php on line 27
2025-02-05 19:04:11 - PHP Warning:  Undefined array key "USD" in C:\OSPanel\domains\oc34\system\library\cart\currency.php on line 28
2025-02-05 19:04:11 - PHP Warning:  Trying to access array offset on value of type null in C:\OSPanel\domains\oc34\system\library\cart\currency.php on line 28
2025-02-05 19:04:11 - PHP Warning:  Undefined array key "USD" in C:\OSPanel\domains\oc34\system\library\cart\currency.php on line 29
2025-02-05 19:04:11 - PHP Warning:  Trying to access array offset on value of type null in C:\OSPanel\domains\oc34\system\library\cart\currency.php on line 29
2025-02-05 19:04:11 - PHP Warning:  Undefined array key "USD" in C:\OSPanel\domains\oc34\system\library\cart\currency.php on line 32
2025-02-05 19:04:11 - PHP Warning:  Trying to access array offset on value of type null in C:\OSPanel\domains\oc34\system\library\cart\currency.php on line 32
2025-02-05 19:04:11 - PHP Warning:  Undefined array key "USD" in C:\OSPanel\domains\oc34\system\library\cart\currency.php on line 27
2025-02-05 19:04:11 - PHP Warning:  Trying to access array offset on value of type null in C:\OSPanel\domains\oc34\system\library\cart\currency.php on line 27
2025-02-05 19:04:11 - PHP Warning:  Undefined array key "USD" in C:\OSPanel\domains\oc34\system\library\cart\currency.php on line 28
2025-02-05 19:04:11 - PHP Warning:  Trying to access array offset on value of type null in C:\OSPanel\domains\oc34\system\library\cart\currency.php on line 28
2025-02-05 19:04:11 - PHP Warning:  Undefined array key "USD" in C:\OSPanel\domains\oc34\system\library\cart\currency.php on line 29
2025-02-05 19:04:11 - PHP Warning:  Trying to access array offset on value of type null in C:\OSPanel\domains\oc34\system\library\cart\currency.php on line 29
2025-02-05 19:04:11 - PHP Warning:  Undefined array key "USD" in C:\OSPanel\domains\oc34\system\library\cart\currency.php on line 32
2025-02-05 19:04:11 - PHP Warning:  Trying to access array offset on value of type null in C:\OSPanel\domains\oc34\system\library\cart\currency.php on line 32
2025-02-05 19:16:08 - PHP Warning:  Undefined array key "USD" in C:\OSPanel\domains\oc34\system\library\cart\currency.php on line 27
2025-02-05 19:16:08 - PHP Warning:  Trying to access array offset on value of type null in C:\OSPanel\domains\oc34\system\library\cart\currency.php on line 27
2025-02-05 19:16:08 - PHP Warning:  Undefined array key "USD" in C:\OSPanel\domains\oc34\system\library\cart\currency.php on line 28
2025-02-05 19:16:08 - PHP Warning:  Trying to access array offset on value of type null in C:\OSPanel\domains\oc34\system\library\cart\currency.php on line 28
2025-02-05 19:16:08 - PHP Warning:  Undefined array key "USD" in C:\OSPanel\domains\oc34\system\library\cart\currency.php on line 29
2025-02-05 19:16:08 - PHP Warning:  Trying to access array offset on value of type null in C:\OSPanel\domains\oc34\system\library\cart\currency.php on line 29
2025-02-05 19:16:08 - PHP Warning:  Undefined array key "USD" in C:\OSPanel\domains\oc34\system\library\cart\currency.php on line 32
2025-02-05 19:16:08 - PHP Warning:  Trying to access array offset on value of type null in C:\OSPanel\domains\oc34\system\library\cart\currency.php on line 32
2025-02-05 19:16:08 - PHP Warning:  Undefined array key "USD" in C:\OSPanel\domains\oc34\system\library\cart\currency.php on line 27
2025-02-05 19:16:08 - PHP Warning:  Trying to access array offset on value of type null in C:\OSPanel\domains\oc34\system\library\cart\currency.php on line 27
2025-02-05 19:16:08 - PHP Warning:  Undefined array key "USD" in C:\OSPanel\domains\oc34\system\library\cart\currency.php on line 28
2025-02-05 19:16:08 - PHP Warning:  Trying to access array offset on value of type null in C:\OSPanel\domains\oc34\system\library\cart\currency.php on line 28
2025-02-05 19:16:08 - PHP Warning:  Undefined array key "USD" in C:\OSPanel\domains\oc34\system\library\cart\currency.php on line 29
2025-02-05 19:16:08 - PHP Warning:  Trying to access array offset on value of type null in C:\OSPanel\domains\oc34\system\library\cart\currency.php on line 29
2025-02-05 19:16:08 - PHP Warning:  Undefined array key "USD" in C:\OSPanel\domains\oc34\system\library\cart\currency.php on line 32
2025-02-05 19:16:08 - PHP Warning:  Trying to access array offset on value of type null in C:\OSPanel\domains\oc34\system\library\cart\currency.php on line 32
2025-02-05 19:16:08 - PHP Warning:  Undefined array key "USD" in C:\OSPanel\domains\oc34\system\library\cart\currency.php on line 27
2025-02-05 19:16:08 - PHP Warning:  Trying to access array offset on value of type null in C:\OSPanel\domains\oc34\system\library\cart\currency.php on line 27
2025-02-05 19:16:08 - PHP Warning:  Undefined array key "USD" in C:\OSPanel\domains\oc34\system\library\cart\currency.php on line 28
2025-02-05 19:16:08 - PHP Warning:  Trying to access array offset on value of type null in C:\OSPanel\domains\oc34\system\library\cart\currency.php on line 28
2025-02-05 19:16:08 - PHP Warning:  Undefined array key "USD" in C:\OSPanel\domains\oc34\system\library\cart\currency.php on line 29
2025-02-05 19:16:08 - PHP Warning:  Trying to access array offset on value of type null in C:\OSPanel\domains\oc34\system\library\cart\currency.php on line 29
2025-02-05 19:16:08 - PHP Warning:  Undefined array key "USD" in C:\OSPanel\domains\oc34\system\library\cart\currency.php on line 32
2025-02-05 19:16:08 - PHP Warning:  Trying to access array offset on value of type null in C:\OSPanel\domains\oc34\system\library\cart\currency.php on line 32
2025-02-05 19:18:12 - PHP Warning:  Undefined array key "USD" in C:\OSPanel\domains\oc34\system\library\cart\currency.php on line 27
2025-02-05 19:18:12 - PHP Warning:  Trying to access array offset on value of type null in C:\OSPanel\domains\oc34\system\library\cart\currency.php on line 27
2025-02-05 19:18:12 - PHP Warning:  Undefined array key "USD" in C:\OSPanel\domains\oc34\system\library\cart\currency.php on line 28
2025-02-05 19:18:12 - PHP Warning:  Trying to access array offset on value of type null in C:\OSPanel\domains\oc34\system\library\cart\currency.php on line 28
2025-02-05 19:18:12 - PHP Warning:  Undefined array key "USD" in C:\OSPanel\domains\oc34\system\library\cart\currency.php on line 29
2025-02-05 19:18:12 - PHP Warning:  Trying to access array offset on value of type null in C:\OSPanel\domains\oc34\system\library\cart\currency.php on line 29
2025-02-05 19:18:12 - PHP Warning:  Undefined array key "USD" in C:\OSPanel\domains\oc34\system\library\cart\currency.php on line 32
2025-02-05 19:18:12 - PHP Warning:  Trying to access array offset on value of type null in C:\OSPanel\domains\oc34\system\library\cart\currency.php on line 32
2025-02-05 19:18:12 - PHP Warning:  Undefined array key "USD" in C:\OSPanel\domains\oc34\system\library\cart\currency.php on line 27
2025-02-05 19:18:12 - PHP Warning:  Trying to access array offset on value of type null in C:\OSPanel\domains\oc34\system\library\cart\currency.php on line 27
2025-02-05 19:18:12 - PHP Warning:  Undefined array key "USD" in C:\OSPanel\domains\oc34\system\library\cart\currency.php on line 28
2025-02-05 19:18:12 - PHP Warning:  Trying to access array offset on value of type null in C:\OSPanel\domains\oc34\system\library\cart\currency.php on line 28
2025-02-05 19:18:12 - PHP Warning:  Undefined array key "USD" in C:\OSPanel\domains\oc34\system\library\cart\currency.php on line 29
2025-02-05 19:18:12 - PHP Warning:  Trying to access array offset on value of type null in C:\OSPanel\domains\oc34\system\library\cart\currency.php on line 29
2025-02-05 19:18:12 - PHP Warning:  Undefined array key "USD" in C:\OSPanel\domains\oc34\system\library\cart\currency.php on line 32
2025-02-05 19:18:12 - PHP Warning:  Trying to access array offset on value of type null in C:\OSPanel\domains\oc34\system\library\cart\currency.php on line 32
2025-02-05 19:18:12 - PHP Warning:  Undefined array key "USD" in C:\OSPanel\domains\oc34\system\library\cart\currency.php on line 27
2025-02-05 19:18:12 - PHP Warning:  Trying to access array offset on value of type null in C:\OSPanel\domains\oc34\system\library\cart\currency.php on line 27
2025-02-05 19:18:12 - PHP Warning:  Undefined array key "USD" in C:\OSPanel\domains\oc34\system\library\cart\currency.php on line 28
2025-02-05 19:18:12 - PHP Warning:  Trying to access array offset on value of type null in C:\OSPanel\domains\oc34\system\library\cart\currency.php on line 28
2025-02-05 19:18:12 - PHP Warning:  Undefined array key "USD" in C:\OSPanel\domains\oc34\system\library\cart\currency.php on line 29
2025-02-05 19:18:12 - PHP Warning:  Trying to access array offset on value of type null in C:\OSPanel\domains\oc34\system\library\cart\currency.php on line 29
2025-02-05 19:18:12 - PHP Warning:  Undefined array key "USD" in C:\OSPanel\domains\oc34\system\library\cart\currency.php on line 32
2025-02-05 19:18:12 - PHP Warning:  Trying to access array offset on value of type null in C:\OSPanel\domains\oc34\system\library\cart\currency.php on line 32
2025-02-05 19:18:46 - PHP Warning:  Undefined array key "USD" in C:\OSPanel\domains\oc34\system\library\cart\currency.php on line 27
2025-02-05 19:18:46 - PHP Warning:  Trying to access array offset on value of type null in C:\OSPanel\domains\oc34\system\library\cart\currency.php on line 27
2025-02-05 19:18:46 - PHP Warning:  Undefined array key "USD" in C:\OSPanel\domains\oc34\system\library\cart\currency.php on line 28
2025-02-05 19:18:46 - PHP Warning:  Trying to access array offset on value of type null in C:\OSPanel\domains\oc34\system\library\cart\currency.php on line 28
2025-02-05 19:18:46 - PHP Warning:  Undefined array key "USD" in C:\OSPanel\domains\oc34\system\library\cart\currency.php on line 29
2025-02-05 19:18:46 - PHP Warning:  Trying to access array offset on value of type null in C:\OSPanel\domains\oc34\system\library\cart\currency.php on line 29
2025-02-05 19:18:46 - PHP Warning:  Undefined array key "USD" in C:\OSPanel\domains\oc34\system\library\cart\currency.php on line 32
2025-02-05 19:18:46 - PHP Warning:  Trying to access array offset on value of type null in C:\OSPanel\domains\oc34\system\library\cart\currency.php on line 32
2025-02-05 19:18:46 - PHP Warning:  Undefined array key "USD" in C:\OSPanel\domains\oc34\system\library\cart\currency.php on line 27
2025-02-05 19:18:46 - PHP Warning:  Trying to access array offset on value of type null in C:\OSPanel\domains\oc34\system\library\cart\currency.php on line 27
2025-02-05 19:18:46 - PHP Warning:  Undefined array key "USD" in C:\OSPanel\domains\oc34\system\library\cart\currency.php on line 28
2025-02-05 19:18:46 - PHP Warning:  Trying to access array offset on value of type null in C:\OSPanel\domains\oc34\system\library\cart\currency.php on line 28
2025-02-05 19:18:46 - PHP Warning:  Undefined array key "USD" in C:\OSPanel\domains\oc34\system\library\cart\currency.php on line 29
2025-02-05 19:18:46 - PHP Warning:  Trying to access array offset on value of type null in C:\OSPanel\domains\oc34\system\library\cart\currency.php on line 29
2025-02-05 19:18:46 - PHP Warning:  Undefined array key "USD" in C:\OSPanel\domains\oc34\system\library\cart\currency.php on line 32
2025-02-05 19:18:46 - PHP Warning:  Trying to access array offset on value of type null in C:\OSPanel\domains\oc34\system\library\cart\currency.php on line 32
2025-02-05 19:18:46 - PHP Warning:  Undefined array key "USD" in C:\OSPanel\domains\oc34\system\library\cart\currency.php on line 27
2025-02-05 19:18:46 - PHP Warning:  Trying to access array offset on value of type null in C:\OSPanel\domains\oc34\system\library\cart\currency.php on line 27
2025-02-05 19:18:46 - PHP Warning:  Undefined array key "USD" in C:\OSPanel\domains\oc34\system\library\cart\currency.php on line 28
2025-02-05 19:18:46 - PHP Warning:  Trying to access array offset on value of type null in C:\OSPanel\domains\oc34\system\library\cart\currency.php on line 28
2025-02-05 19:18:46 - PHP Warning:  Undefined array key "USD" in C:\OSPanel\domains\oc34\system\library\cart\currency.php on line 29
2025-02-05 19:18:46 - PHP Warning:  Trying to access array offset on value of type null in C:\OSPanel\domains\oc34\system\library\cart\currency.php on line 29
2025-02-05 19:18:46 - PHP Warning:  Undefined array key "USD" in C:\OSPanel\domains\oc34\system\library\cart\currency.php on line 32
2025-02-05 19:18:46 - PHP Warning:  Trying to access array offset on value of type null in C:\OSPanel\domains\oc34\system\library\cart\currency.php on line 32
2025-02-05 19:19:08 - PHP Warning:  Undefined array key "USD" in C:\OSPanel\domains\oc34\system\library\cart\currency.php on line 27
2025-02-05 19:19:08 - PHP Warning:  Trying to access array offset on value of type null in C:\OSPanel\domains\oc34\system\library\cart\currency.php on line 27
2025-02-05 19:19:08 - PHP Warning:  Undefined array key "USD" in C:\OSPanel\domains\oc34\system\library\cart\currency.php on line 28
2025-02-05 19:19:08 - PHP Warning:  Trying to access array offset on value of type null in C:\OSPanel\domains\oc34\system\library\cart\currency.php on line 28
2025-02-05 19:19:08 - PHP Warning:  Undefined array key "USD" in C:\OSPanel\domains\oc34\system\library\cart\currency.php on line 29
2025-02-05 19:19:08 - PHP Warning:  Trying to access array offset on value of type null in C:\OSPanel\domains\oc34\system\library\cart\currency.php on line 29
2025-02-05 19:19:08 - PHP Warning:  Undefined array key "USD" in C:\OSPanel\domains\oc34\system\library\cart\currency.php on line 32
2025-02-05 19:19:08 - PHP Warning:  Trying to access array offset on value of type null in C:\OSPanel\domains\oc34\system\library\cart\currency.php on line 32
2025-02-05 19:19:08 - PHP Warning:  Undefined array key "USD" in C:\OSPanel\domains\oc34\system\library\cart\currency.php on line 27
2025-02-05 19:19:08 - PHP Warning:  Trying to access array offset on value of type null in C:\OSPanel\domains\oc34\system\library\cart\currency.php on line 27
2025-02-05 19:19:08 - PHP Warning:  Undefined array key "USD" in C:\OSPanel\domains\oc34\system\library\cart\currency.php on line 28
2025-02-05 19:19:08 - PHP Warning:  Trying to access array offset on value of type null in C:\OSPanel\domains\oc34\system\library\cart\currency.php on line 28
2025-02-05 19:19:08 - PHP Warning:  Undefined array key "USD" in C:\OSPanel\domains\oc34\system\library\cart\currency.php on line 29
2025-02-05 19:19:08 - PHP Warning:  Trying to access array offset on value of type null in C:\OSPanel\domains\oc34\system\library\cart\currency.php on line 29
2025-02-05 19:19:08 - PHP Warning:  Undefined array key "USD" in C:\OSPanel\domains\oc34\system\library\cart\currency.php on line 32
2025-02-05 19:19:08 - PHP Warning:  Trying to access array offset on value of type null in C:\OSPanel\domains\oc34\system\library\cart\currency.php on line 32
2025-02-05 19:19:08 - PHP Warning:  Undefined array key "USD" in C:\OSPanel\domains\oc34\system\library\cart\currency.php on line 27
2025-02-05 19:19:08 - PHP Warning:  Trying to access array offset on value of type null in C:\OSPanel\domains\oc34\system\library\cart\currency.php on line 27
2025-02-05 19:19:08 - PHP Warning:  Undefined array key "USD" in C:\OSPanel\domains\oc34\system\library\cart\currency.php on line 28
2025-02-05 19:19:08 - PHP Warning:  Trying to access array offset on value of type null in C:\OSPanel\domains\oc34\system\library\cart\currency.php on line 28
2025-02-05 19:19:08 - PHP Warning:  Undefined array key "USD" in C:\OSPanel\domains\oc34\system\library\cart\currency.php on line 29
2025-02-05 19:19:08 - PHP Warning:  Trying to access array offset on value of type null in C:\OSPanel\domains\oc34\system\library\cart\currency.php on line 29
2025-02-05 19:19:08 - PHP Warning:  Undefined array key "USD" in C:\OSPanel\domains\oc34\system\library\cart\currency.php on line 32
2025-02-05 19:19:08 - PHP Warning:  Trying to access array offset on value of type null in C:\OSPanel\domains\oc34\system\library\cart\currency.php on line 32
2025-02-05 19:19:43 - PHP Warning:  Undefined array key "USD" in C:\OSPanel\domains\oc34\system\library\cart\currency.php on line 27
2025-02-05 19:19:43 - PHP Warning:  Trying to access array offset on value of type null in C:\OSPanel\domains\oc34\system\library\cart\currency.php on line 27
2025-02-05 19:19:43 - PHP Warning:  Undefined array key "USD" in C:\OSPanel\domains\oc34\system\library\cart\currency.php on line 28
2025-02-05 19:19:43 - PHP Warning:  Trying to access array offset on value of type null in C:\OSPanel\domains\oc34\system\library\cart\currency.php on line 28
2025-02-05 19:19:43 - PHP Warning:  Undefined array key "USD" in C:\OSPanel\domains\oc34\system\library\cart\currency.php on line 29
2025-02-05 19:19:43 - PHP Warning:  Trying to access array offset on value of type null in C:\OSPanel\domains\oc34\system\library\cart\currency.php on line 29
2025-02-05 19:19:43 - PHP Warning:  Undefined array key "USD" in C:\OSPanel\domains\oc34\system\library\cart\currency.php on line 32
2025-02-05 19:19:43 - PHP Warning:  Trying to access array offset on value of type null in C:\OSPanel\domains\oc34\system\library\cart\currency.php on line 32
2025-02-05 19:19:43 - PHP Warning:  Undefined array key "USD" in C:\OSPanel\domains\oc34\system\library\cart\currency.php on line 27
2025-02-05 19:19:43 - PHP Warning:  Trying to access array offset on value of type null in C:\OSPanel\domains\oc34\system\library\cart\currency.php on line 27
2025-02-05 19:19:43 - PHP Warning:  Undefined array key "USD" in C:\OSPanel\domains\oc34\system\library\cart\currency.php on line 28
2025-02-05 19:19:43 - PHP Warning:  Trying to access array offset on value of type null in C:\OSPanel\domains\oc34\system\library\cart\currency.php on line 28
2025-02-05 19:19:43 - PHP Warning:  Undefined array key "USD" in C:\OSPanel\domains\oc34\system\library\cart\currency.php on line 29
2025-02-05 19:19:43 - PHP Warning:  Trying to access array offset on value of type null in C:\OSPanel\domains\oc34\system\library\cart\currency.php on line 29
2025-02-05 19:19:43 - PHP Warning:  Undefined array key "USD" in C:\OSPanel\domains\oc34\system\library\cart\currency.php on line 32
2025-02-05 19:19:43 - PHP Warning:  Trying to access array offset on value of type null in C:\OSPanel\domains\oc34\system\library\cart\currency.php on line 32
2025-02-05 19:19:43 - PHP Warning:  Undefined array key "USD" in C:\OSPanel\domains\oc34\system\library\cart\currency.php on line 27
2025-02-05 19:19:43 - PHP Warning:  Trying to access array offset on value of type null in C:\OSPanel\domains\oc34\system\library\cart\currency.php on line 27
2025-02-05 19:19:43 - PHP Warning:  Undefined array key "USD" in C:\OSPanel\domains\oc34\system\library\cart\currency.php on line 28
2025-02-05 19:19:43 - PHP Warning:  Trying to access array offset on value of type null in C:\OSPanel\domains\oc34\system\library\cart\currency.php on line 28
2025-02-05 19:19:43 - PHP Warning:  Undefined array key "USD" in C:\OSPanel\domains\oc34\system\library\cart\currency.php on line 29
2025-02-05 19:19:43 - PHP Warning:  Trying to access array offset on value of type null in C:\OSPanel\domains\oc34\system\library\cart\currency.php on line 29
2025-02-05 19:19:43 - PHP Warning:  Undefined array key "USD" in C:\OSPanel\domains\oc34\system\library\cart\currency.php on line 32
2025-02-05 19:19:43 - PHP Warning:  Trying to access array offset on value of type null in C:\OSPanel\domains\oc34\system\library\cart\currency.php on line 32
2025-02-05 19:20:03 - PHP Warning:  Undefined array key "USD" in C:\OSPanel\domains\oc34\system\library\cart\currency.php on line 27
2025-02-05 19:20:03 - PHP Warning:  Trying to access array offset on value of type null in C:\OSPanel\domains\oc34\system\library\cart\currency.php on line 27
2025-02-05 19:20:03 - PHP Warning:  Undefined array key "USD" in C:\OSPanel\domains\oc34\system\library\cart\currency.php on line 28
2025-02-05 19:20:03 - PHP Warning:  Trying to access array offset on value of type null in C:\OSPanel\domains\oc34\system\library\cart\currency.php on line 28
2025-02-05 19:20:03 - PHP Warning:  Undefined array key "USD" in C:\OSPanel\domains\oc34\system\library\cart\currency.php on line 29
2025-02-05 19:20:03 - PHP Warning:  Trying to access array offset on value of type null in C:\OSPanel\domains\oc34\system\library\cart\currency.php on line 29
2025-02-05 19:20:03 - PHP Warning:  Undefined array key "USD" in C:\OSPanel\domains\oc34\system\library\cart\currency.php on line 32
2025-02-05 19:20:03 - PHP Warning:  Trying to access array offset on value of type null in C:\OSPanel\domains\oc34\system\library\cart\currency.php on line 32
2025-02-05 19:20:03 - PHP Warning:  Undefined array key "USD" in C:\OSPanel\domains\oc34\system\library\cart\currency.php on line 27
2025-02-05 19:20:03 - PHP Warning:  Trying to access array offset on value of type null in C:\OSPanel\domains\oc34\system\library\cart\currency.php on line 27
2025-02-05 19:20:03 - PHP Warning:  Undefined array key "USD" in C:\OSPanel\domains\oc34\system\library\cart\currency.php on line 28
2025-02-05 19:20:03 - PHP Warning:  Trying to access array offset on value of type null in C:\OSPanel\domains\oc34\system\library\cart\currency.php on line 28
2025-02-05 19:20:03 - PHP Warning:  Undefined array key "USD" in C:\OSPanel\domains\oc34\system\library\cart\currency.php on line 29
2025-02-05 19:20:03 - PHP Warning:  Trying to access array offset on value of type null in C:\OSPanel\domains\oc34\system\library\cart\currency.php on line 29
2025-02-05 19:20:03 - PHP Warning:  Undefined array key "USD" in C:\OSPanel\domains\oc34\system\library\cart\currency.php on line 32
2025-02-05 19:20:03 - PHP Warning:  Trying to access array offset on value of type null in C:\OSPanel\domains\oc34\system\library\cart\currency.php on line 32
2025-02-05 19:20:03 - PHP Warning:  Undefined array key "USD" in C:\OSPanel\domains\oc34\system\library\cart\currency.php on line 27
2025-02-05 19:20:03 - PHP Warning:  Trying to access array offset on value of type null in C:\OSPanel\domains\oc34\system\library\cart\currency.php on line 27
2025-02-05 19:20:03 - PHP Warning:  Undefined array key "USD" in C:\OSPanel\domains\oc34\system\library\cart\currency.php on line 28
2025-02-05 19:20:03 - PHP Warning:  Trying to access array offset on value of type null in C:\OSPanel\domains\oc34\system\library\cart\currency.php on line 28
2025-02-05 19:20:03 - PHP Warning:  Undefined array key "USD" in C:\OSPanel\domains\oc34\system\library\cart\currency.php on line 29
2025-02-05 19:20:03 - PHP Warning:  Trying to access array offset on value of type null in C:\OSPanel\domains\oc34\system\library\cart\currency.php on line 29
2025-02-05 19:20:03 - PHP Warning:  Undefined array key "USD" in C:\OSPanel\domains\oc34\system\library\cart\currency.php on line 32
2025-02-05 19:20:03 - PHP Warning:  Trying to access array offset on value of type null in C:\OSPanel\domains\oc34\system\library\cart\currency.php on line 32
2025-02-05 19:20:04 - PHP Warning:  Undefined array key "USD" in C:\OSPanel\domains\oc34\system\library\cart\currency.php on line 27
2025-02-05 19:20:04 - PHP Warning:  Trying to access array offset on value of type null in C:\OSPanel\domains\oc34\system\library\cart\currency.php on line 27
2025-02-05 19:20:04 - PHP Warning:  Undefined array key "USD" in C:\OSPanel\domains\oc34\system\library\cart\currency.php on line 28
2025-02-05 19:20:04 - PHP Warning:  Trying to access array offset on value of type null in C:\OSPanel\domains\oc34\system\library\cart\currency.php on line 28
2025-02-05 19:20:04 - PHP Warning:  Undefined array key "USD" in C:\OSPanel\domains\oc34\system\library\cart\currency.php on line 29
2025-02-05 19:20:04 - PHP Warning:  Trying to access array offset on value of type null in C:\OSPanel\domains\oc34\system\library\cart\currency.php on line 29
2025-02-05 19:20:04 - PHP Warning:  Undefined array key "USD" in C:\OSPanel\domains\oc34\system\library\cart\currency.php on line 32
2025-02-05 19:20:04 - PHP Warning:  Trying to access array offset on value of type null in C:\OSPanel\domains\oc34\system\library\cart\currency.php on line 32
2025-02-05 19:20:04 - PHP Warning:  Undefined array key "USD" in C:\OSPanel\domains\oc34\system\library\cart\currency.php on line 27
2025-02-05 19:20:04 - PHP Warning:  Trying to access array offset on value of type null in C:\OSPanel\domains\oc34\system\library\cart\currency.php on line 27
2025-02-05 19:20:04 - PHP Warning:  Undefined array key "USD" in C:\OSPanel\domains\oc34\system\library\cart\currency.php on line 28
2025-02-05 19:20:04 - PHP Warning:  Trying to access array offset on value of type null in C:\OSPanel\domains\oc34\system\library\cart\currency.php on line 28
2025-02-05 19:20:04 - PHP Warning:  Undefined array key "USD" in C:\OSPanel\domains\oc34\system\library\cart\currency.php on line 29
2025-02-05 19:20:04 - PHP Warning:  Trying to access array offset on value of type null in C:\OSPanel\domains\oc34\system\library\cart\currency.php on line 29
2025-02-05 19:20:04 - PHP Warning:  Undefined array key "USD" in C:\OSPanel\domains\oc34\system\library\cart\currency.php on line 32
2025-02-05 19:20:04 - PHP Warning:  Trying to access array offset on value of type null in C:\OSPanel\domains\oc34\system\library\cart\currency.php on line 32
2025-02-05 19:20:04 - PHP Warning:  Undefined array key "USD" in C:\OSPanel\domains\oc34\system\library\cart\currency.php on line 27
2025-02-05 19:20:04 - PHP Warning:  Trying to access array offset on value of type null in C:\OSPanel\domains\oc34\system\library\cart\currency.php on line 27
2025-02-05 19:20:04 - PHP Warning:  Undefined array key "USD" in C:\OSPanel\domains\oc34\system\library\cart\currency.php on line 28
2025-02-05 19:20:04 - PHP Warning:  Trying to access array offset on value of type null in C:\OSPanel\domains\oc34\system\library\cart\currency.php on line 28
2025-02-05 19:20:04 - PHP Warning:  Undefined array key "USD" in C:\OSPanel\domains\oc34\system\library\cart\currency.php on line 29
2025-02-05 19:20:04 - PHP Warning:  Trying to access array offset on value of type null in C:\OSPanel\domains\oc34\system\library\cart\currency.php on line 29
2025-02-05 19:20:04 - PHP Warning:  Undefined array key "USD" in C:\OSPanel\domains\oc34\system\library\cart\currency.php on line 32
2025-02-05 19:20:04 - PHP Warning:  Trying to access array offset on value of type null in C:\OSPanel\domains\oc34\system\library\cart\currency.php on line 32
2025-02-05 19:20:26 - PHP Warning:  Undefined array key "USD" in C:\OSPanel\domains\oc34\system\library\cart\currency.php on line 27
2025-02-05 19:20:26 - PHP Warning:  Trying to access array offset on value of type null in C:\OSPanel\domains\oc34\system\library\cart\currency.php on line 27
2025-02-05 19:20:26 - PHP Warning:  Undefined array key "USD" in C:\OSPanel\domains\oc34\system\library\cart\currency.php on line 28
2025-02-05 19:20:26 - PHP Warning:  Trying to access array offset on value of type null in C:\OSPanel\domains\oc34\system\library\cart\currency.php on line 28
2025-02-05 19:20:26 - PHP Warning:  Undefined array key "USD" in C:\OSPanel\domains\oc34\system\library\cart\currency.php on line 29
2025-02-05 19:20:26 - PHP Warning:  Trying to access array offset on value of type null in C:\OSPanel\domains\oc34\system\library\cart\currency.php on line 29
2025-02-05 19:20:26 - PHP Warning:  Undefined array key "USD" in C:\OSPanel\domains\oc34\system\library\cart\currency.php on line 32
2025-02-05 19:20:26 - PHP Warning:  Trying to access array offset on value of type null in C:\OSPanel\domains\oc34\system\library\cart\currency.php on line 32
2025-02-05 19:20:26 - PHP Warning:  Undefined array key "USD" in C:\OSPanel\domains\oc34\system\library\cart\currency.php on line 27
2025-02-05 19:20:26 - PHP Warning:  Trying to access array offset on value of type null in C:\OSPanel\domains\oc34\system\library\cart\currency.php on line 27
2025-02-05 19:20:26 - PHP Warning:  Undefined array key "USD" in C:\OSPanel\domains\oc34\system\library\cart\currency.php on line 28
2025-02-05 19:20:26 - PHP Warning:  Trying to access array offset on value of type null in C:\OSPanel\domains\oc34\system\library\cart\currency.php on line 28
2025-02-05 19:20:26 - PHP Warning:  Undefined array key "USD" in C:\OSPanel\domains\oc34\system\library\cart\currency.php on line 29
2025-02-05 19:20:26 - PHP Warning:  Trying to access array offset on value of type null in C:\OSPanel\domains\oc34\system\library\cart\currency.php on line 29
2025-02-05 19:20:26 - PHP Warning:  Undefined array key "USD" in C:\OSPanel\domains\oc34\system\library\cart\currency.php on line 32
2025-02-05 19:20:26 - PHP Warning:  Trying to access array offset on value of type null in C:\OSPanel\domains\oc34\system\library\cart\currency.php on line 32
2025-02-05 19:20:26 - PHP Warning:  Undefined array key "USD" in C:\OSPanel\domains\oc34\system\library\cart\currency.php on line 27
2025-02-05 19:20:26 - PHP Warning:  Trying to access array offset on value of type null in C:\OSPanel\domains\oc34\system\library\cart\currency.php on line 27
2025-02-05 19:20:26 - PHP Warning:  Undefined array key "USD" in C:\OSPanel\domains\oc34\system\library\cart\currency.php on line 28
2025-02-05 19:20:26 - PHP Warning:  Trying to access array offset on value of type null in C:\OSPanel\domains\oc34\system\library\cart\currency.php on line 28
2025-02-05 19:20:26 - PHP Warning:  Undefined array key "USD" in C:\OSPanel\domains\oc34\system\library\cart\currency.php on line 29
2025-02-05 19:20:26 - PHP Warning:  Trying to access array offset on value of type null in C:\OSPanel\domains\oc34\system\library\cart\currency.php on line 29
2025-02-05 19:20:26 - PHP Warning:  Undefined array key "USD" in C:\OSPanel\domains\oc34\system\library\cart\currency.php on line 32
2025-02-05 19:20:26 - PHP Warning:  Trying to access array offset on value of type null in C:\OSPanel\domains\oc34\system\library\cart\currency.php on line 32
2025-02-09 18:53:28 - PHP Notice:  Error: Could not load template default/template/common/column_right! in C:\OSPanel\domains\localhost\system\library\template\twig.php on line 37
2025-02-09 18:53:28 - PHP Notice:  Error: Could not load template default/template/error/not_found! in C:\OSPanel\domains\localhost\system\library\template\twig.php on line 37
2025-02-09 19:47:16 - PHP Warning:  Trying to access array offset on value of type null in C:\OSPanel\domains\localhost\catalog\controller\common\wholesale.php on line 104
2025-02-09 19:47:16 - PHP Warning:  Trying to access array offset on value of type null in C:\OSPanel\domains\localhost\catalog\controller\common\wholesale.php on line 106
2025-02-09 21:25:58 - PHP Warning:  Undefined variable $image in C:\OSPanel\domains\localhost\catalog\controller\extension\module\live_search.php on line 94
2025-02-10 19:52:34 - PHP Warning:  Undefined array key "id" in C:\OSPanel\domains\localhost\catalog\controller\common\singleproduct.php on line 31
2025-02-10 20:53:17 - PHP Warning:  Undefined array key "country_id" in C:\OSPanel\domains\localhost\catalog\model\extension\payment\cod.php on line 6
2025-02-10 20:53:17 - PHP Warning:  Undefined array key "zone_id" in C:\OSPanel\domains\localhost\catalog\model\extension\payment\cod.php on line 6
2025-02-10 20:53:17 - PHP Warning:  Undefined array key "country_id" in C:\OSPanel\domains\localhost\catalog\model\extension\payment\bank_transfer.php on line 6
2025-02-10 20:53:17 - PHP Warning:  Undefined array key "zone_id" in C:\OSPanel\domains\localhost\catalog\model\extension\payment\bank_transfer.php on line 6
2025-02-10 20:54:16 - PHP Warning:  Undefined array key "country_id" in C:\OSPanel\domains\localhost\catalog\model\extension\payment\cod.php on line 6
2025-02-10 20:54:16 - PHP Warning:  Undefined array key "zone_id" in C:\OSPanel\domains\localhost\catalog\model\extension\payment\cod.php on line 6
2025-02-10 20:54:16 - PHP Warning:  Undefined array key "country_id" in C:\OSPanel\domains\localhost\catalog\model\extension\payment\bank_transfer.php on line 6
2025-02-10 20:54:16 - PHP Warning:  Undefined array key "zone_id" in C:\OSPanel\domains\localhost\catalog\model\extension\payment\bank_transfer.php on line 6
